# JRE version: Java(TM) SE Runtime Environment (14.0.2+12) (build 14.0.2+12-46)
# Java VM: Java HotSpot(TM) 64-Bit Server VM (14.0.2+12-46, mixed mode, sharing, tiered, compressed oops, g1 gc, windows-amd64)
Heap:
 garbage-first heap   total 86016K, used 47347K [0x0000000082600000, 0x0000000100000000)
  region size 1024K, 30 young (30720K), 2 survivors (2048K)
 Metaspace       used 21338K, capacity 22369K, committed 22528K, reserved 1069056K
  class space    used 2865K, capacity 3245K, committed 3328K, reserved 1048576K
GC Heap History (20 events):
Event: 16.266 GC heap before
{Heap before GC invocations=14 (full 0):
 garbage-first heap   total 86016K, used 67699K [0x0000000082600000, 0x0000000100000000)
  region size 1024K, 50 young (51200K), 2 survivors (2048K)
 Metaspace       used 21048K, capacity 22037K, committed 22272K, reserved 1069056K
  class space    used 2861K, capacity 3242K, committed 3328K, reserved 1048576K
}
Event: 16.270 GC heap after
{Heap after GC invocations=15 (full 0):
 garbage-first heap   total 86016K, used 19610K [0x0000000082600000, 0x0000000100000000)
  region size 1024K, 2 young (2048K), 2 survivors (2048K)
 Metaspace       used 21048K, capacity 22037K, committed 22272K, reserved 1069056K
  class space    used 2861K, capacity 3242K, committed 3328K, reserved 1048576K
}
Event: 17.090 GC heap before
{Heap before GC invocations=15 (full 0):
 garbage-first heap   total 86016K, used 68762K [0x0000000082600000, 0x0000000100000000)
  region size 1024K, 50 young (51200K), 2 survivors (2048K)
 Metaspace       used 21116K, capacity 22101K, committed 22272K, reserved 1069056K
  class space    used 2861K, capacity 3242K, committed 3328K, reserved 1048576K
}
Event: 17.094 GC heap after
{Heap after GC invocations=16 (full 0):
 garbage-first heap   total 86016K, used 19562K [0x0000000082600000, 0x0000000100000000)
  region size 1024K, 2 young (2048K), 2 survivors (2048K)
 Metaspace       used 21116K, capacity 22101K, committed 22272K, reserved 1069056K
  class space    used 2861K, capacity 3242K, committed 3328K, reserved 1048576K
}
Event: 17.894 GC heap before
{Heap before GC invocations=16 (full 0):
 garbage-first heap   total 86016K, used 68714K [0x0000000082600000, 0x0000000100000000)
  region size 1024K, 50 young (51200K), 2 survivors (2048K)
 Metaspace       used 21190K, capacity 22166K, committed 22272K, reserved 1069056K
  class space    used 2861K, capacity 3242K, committed 3328K, reserved 1048576K
}
Event: 17.897 GC heap after
{Heap after GC invocations=17 (full 0):
 garbage-first heap   total 86016K, used 19763K [0x0000000082600000, 0x0000000100000000)
  region size 1024K, 2 young (2048K), 2 survivors (2048K)
 Metaspace       used 21190K, capacity 22166K, committed 22272K, reserved 1069056K
  class space    used 2861K, capacity 3242K, committed 3328K, reserved 1048576K
}
Event: 18.674 GC heap before
{Heap before GC invocations=17 (full 0):
 garbage-first heap   total 86016K, used 68915K [0x0000000082600000, 0x0000000100000000)
  region size 1024K, 50 young (51200K), 2 survivors (2048K)
 Metaspace       used 21195K, capacity 22166K, committed 22272K, reserved 1069056K
  class space    used 2861K, capacity 3242K, committed 3328K, reserved 1048576K
}
Event: 18.678 GC heap after
{Heap after GC invocations=18 (full 0):
 garbage-first heap   total 86016K, used 19668K [0x0000000082600000, 0x0000000100000000)
  region size 1024K, 2 young (2048K), 2 survivors (2048K)
 Metaspace       used 21195K, capacity 22166K, committed 22272K, reserved 1069056K
  class space    used 2861K, capacity 3242K, committed 3328K, reserved 1048576K
}
Event: 19.465 GC heap before
{Heap before GC invocations=18 (full 0):
 garbage-first heap   total 86016K, used 68820K [0x0000000082600000, 0x0000000100000000)
  region size 1024K, 50 young (51200K), 2 survivors (2048K)
 Metaspace       used 21272K, capacity 22296K, committed 22528K, reserved 1069056K
  class space    used 2863K, capacity 3242K, committed 3328K, reserved 1048576K
}
Event: 19.469 GC heap after
{Heap after GC invocations=19 (full 0):
 garbage-first heap   total 86016K, used 19698K [0x0000000082600000, 0x0000000100000000)
  region size 1024K, 2 young (2048K), 2 survivors (2048K)
 Metaspace       used 21272K, capacity 22296K, committed 22528K, reserved 1069056K
  class space    used 2863K, capacity 3242K, committed 3328K, reserved 1048576K
}
Event: 20.301 GC heap before
{Heap before GC invocations=19 (full 0):
 garbage-first heap   total 86016K, used 68850K [0x0000000082600000, 0x0000000100000000)
  region size 1024K, 50 young (51200K), 2 survivors (2048K)
 Metaspace       used 21299K, capacity 22363K, committed 22528K, reserved 1069056K
  class space    used 2864K, capacity 3243K, committed 3328K, reserved 1048576K
}
Event: 20.305 GC heap after
{Heap after GC invocations=20 (full 0):
 garbage-first heap   total 86016K, used 19732K [0x0000000082600000, 0x0000000100000000)
  region size 1024K, 2 young (2048K), 2 survivors (2048K)
 Metaspace       used 21299K, capacity 22363K, committed 22528K, reserved 1069056K
  class space    used 2864K, capacity 3243K, committed 3328K, reserved 1048576K
}
Event: 21.127 GC heap before
{Heap before GC invocations=20 (full 0):
 garbage-first heap   total 86016K, used 68884K [0x0000000082600000, 0x0000000100000000)
  region size 1024K, 50 young (51200K), 2 survivors (2048K)
 Metaspace       used 21304K, capacity 22363K, committed 22528K, reserved 1069056K
  class space    used 2864K, capacity 3243K, committed 3328K, reserved 1048576K
}
Event: 21.130 GC heap after
{Heap after GC invocations=21 (full 0):
 garbage-first heap   total 86016K, used 19702K [0x0000000082600000, 0x0000000100000000)
  region size 1024K, 2 young (2048K), 2 survivors (2048K)
 Metaspace       used 21304K, capacity 22363K, committed 22528K, reserved 1069056K
  class space    used 2864K, capacity 3243K, committed 3328K, reserved 1048576K
}
Event: 21.971 GC heap before
{Heap before GC invocations=21 (full 0):
 garbage-first heap   total 86016K, used 68854K [0x0000000082600000, 0x0000000100000000)
  region size 1024K, 50 young (51200K), 2 survivors (2048K)
 Metaspace       used 21321K, capacity 22363K, committed 22528K, reserved 1069056K
  class space    used 2864K, capacity 3243K, committed 3328K, reserved 1048576K
}
Event: 21.974 GC heap after
{Heap after GC invocations=22 (full 0):
 garbage-first heap   total 86016K, used 19761K [0x0000000082600000, 0x0000000100000000)
  region size 1024K, 2 young (2048K), 2 survivors (2048K)
 Metaspace       used 21321K, capacity 22363K, committed 22528K, reserved 1069056K
  class space    used 2864K, capacity 3243K, committed 3328K, reserved 1048576K
}
Event: 22.795 GC heap before
{Heap before GC invocations=22 (full 0):
 garbage-first heap   total 86016K, used 68913K [0x0000000082600000, 0x0000000100000000)
  region size 1024K, 50 young (51200K), 2 survivors (2048K)
 Metaspace       used 21325K, capacity 22363K, committed 22528K, reserved 1069056K
  class space    used 2864K, capacity 3243K, committed 3328K, reserved 1048576K
}
Event: 22.798 GC heap after
{Heap after GC invocations=23 (full 0):
 garbage-first heap   total 86016K, used 19713K [0x0000000082600000, 0x0000000100000000)
  region size 1024K, 2 young (2048K), 2 survivors (2048K)
 Metaspace       used 21325K, capacity 22363K, committed 22528K, reserved 1069056K
  class space    used 2864K, capacity 3243K, committed 3328K, reserved 1048576K
}
Event: 23.582 GC heap before
{Heap before GC invocations=23 (full 0):
 garbage-first heap   total 86016K, used 68865K [0x0000000082600000, 0x0000000100000000)
  region size 1024K, 50 young (51200K), 2 survivors (2048K)
 Metaspace       used 21327K, capacity 22363K, committed 22528K, reserved 1069056K
  class space    used 2864K, capacity 3243K, committed 3328K, reserved 1048576K
}
Event: 23.584 GC heap after
{Heap after GC invocations=24 (full 0):
 garbage-first heap   total 86016K, used 19699K [0x0000000082600000, 0x0000000100000000)
  region size 1024K, 2 young (2048K), 2 survivors (2048K)
 Metaspace       used 21327K, capacity 22363K, committed 22528K, reserved 1069056K
  class space    used 2864K, capacity 3243K, committed 3328K, reserved 1048576K
}

