# JRE version: Java(TM) SE Runtime Environment (14.0.2+12) (build 14.0.2+12-46)
# Java VM: Java HotSpot(TM) 64-Bit Server VM (14.0.2+12-46, mixed mode, sharing, tiered, compressed oops, g1 gc, windows-amd64)
Heap:
 garbage-first heap   total 98304K, used 38961K [0x0000000700e00000, 0x0000000800000000)
  region size 1024K, 19 young (19456K), 1 survivors (1024K)
 Metaspace       used 20657K, capacity 21704K, committed 21936K, reserved 1069056K
  class space    used 2827K, capacity 3215K, committed 3328K, reserved 1048576K
GC Heap History (20 events):
Event: 75.971 GC heap before
{Heap before GC invocations=12 (full 0):
 garbage-first heap   total 98304K, used 78751K [0x0000000700e00000, 0x0000000800000000)
  region size 1024K, 57 young (58368K), 2 survivors (2048K)
 Metaspace       used 20587K, capacity 21634K, committed 21936K, reserved 1069056K
  class space    used 2825K, capacity 3213K, committed 3328K, reserved 1048576K
}
Event: 75.972 GC heap after
{Heap after GC invocations=13 (full 0):
 garbage-first heap   total 98304K, used 21648K [0x0000000700e00000, 0x0000000800000000)
  region size 1024K, 1 young (1024K), 1 survivors (1024K)
 Metaspace       used 20587K, capacity 21634K, committed 21936K, reserved 1069056K
  class space    used 2825K, capacity 3213K, committed 3328K, reserved 1048576K
}
Event: 76.087 GC heap before
{Heap before GC invocations=13 (full 0):
 garbage-first heap   total 98304K, used 78992K [0x0000000700e00000, 0x0000000800000000)
  region size 1024K, 57 young (58368K), 1 survivors (1024K)
 Metaspace       used 20595K, capacity 21634K, committed 21936K, reserved 1069056K
  class space    used 2825K, capacity 3213K, committed 3328K, reserved 1048576K
}
Event: 76.088 GC heap after
{Heap after GC invocations=14 (full 0):
 garbage-first heap   total 98304K, used 21652K [0x0000000700e00000, 0x0000000800000000)
  region size 1024K, 1 young (1024K), 1 survivors (1024K)
 Metaspace       used 20595K, capacity 21634K, committed 21936K, reserved 1069056K
  class space    used 2825K, capacity 3213K, committed 3328K, reserved 1048576K
}
Event: 76.210 GC heap before
{Heap before GC invocations=14 (full 0):
 garbage-first heap   total 98304K, used 78996K [0x0000000700e00000, 0x0000000800000000)
  region size 1024K, 57 young (58368K), 1 survivors (1024K)
 Metaspace       used 20604K, capacity 21634K, committed 21936K, reserved 1069056K
  class space    used 2825K, capacity 3213K, committed 3328K, reserved 1048576K
}
Event: 76.211 GC heap after
{Heap after GC invocations=15 (full 0):
 garbage-first heap   total 98304K, used 21613K [0x0000000700e00000, 0x0000000800000000)
  region size 1024K, 1 young (1024K), 1 survivors (1024K)
 Metaspace       used 20604K, capacity 21634K, committed 21936K, reserved 1069056K
  class space    used 2825K, capacity 3213K, committed 3328K, reserved 1048576K
}
Event: 76.344 GC heap before
{Heap before GC invocations=15 (full 0):
 garbage-first heap   total 98304K, used 78957K [0x0000000700e00000, 0x0000000800000000)
  region size 1024K, 57 young (58368K), 1 survivors (1024K)
 Metaspace       used 20605K, capacity 21634K, committed 21936K, reserved 1069056K
  class space    used 2825K, capacity 3213K, committed 3328K, reserved 1048576K
}
Event: 76.344 GC heap after
{Heap after GC invocations=16 (full 0):
 garbage-first heap   total 98304K, used 21574K [0x0000000700e00000, 0x0000000800000000)
  region size 1024K, 1 young (1024K), 1 survivors (1024K)
 Metaspace       used 20605K, capacity 21634K, committed 21936K, reserved 1069056K
  class space    used 2825K, capacity 3213K, committed 3328K, reserved 1048576K
}
Event: 76.415 GC heap before
{Heap before GC invocations=16 (full 0):
 garbage-first heap   total 98304K, used 78918K [0x0000000700e00000, 0x0000000800000000)
  region size 1024K, 57 young (58368K), 1 survivors (1024K)
 Metaspace       used 20605K, capacity 21634K, committed 21936K, reserved 1069056K
  class space    used 2825K, capacity 3213K, committed 3328K, reserved 1048576K
}
Event: 76.416 GC heap after
{Heap after GC invocations=17 (full 0):
 garbage-first heap   total 98304K, used 21572K [0x0000000700e00000, 0x0000000800000000)
  region size 1024K, 1 young (1024K), 1 survivors (1024K)
 Metaspace       used 20605K, capacity 21634K, committed 21936K, reserved 1069056K
  class space    used 2825K, capacity 3213K, committed 3328K, reserved 1048576K
}
Event: 76.529 GC heap before
{Heap before GC invocations=17 (full 0):
 garbage-first heap   total 98304K, used 78916K [0x0000000700e00000, 0x0000000800000000)
  region size 1024K, 57 young (58368K), 1 survivors (1024K)
 Metaspace       used 20615K, capacity 21634K, committed 21936K, reserved 1069056K
  class space    used 2825K, capacity 3213K, committed 3328K, reserved 1048576K
}
Event: 76.530 GC heap after
{Heap after GC invocations=18 (full 0):
 garbage-first heap   total 98304K, used 21593K [0x0000000700e00000, 0x0000000800000000)
  region size 1024K, 1 young (1024K), 1 survivors (1024K)
 Metaspace       used 20615K, capacity 21634K, committed 21936K, reserved 1069056K
  class space    used 2825K, capacity 3213K, committed 3328K, reserved 1048576K
}
Event: 76.628 GC heap before
{Heap before GC invocations=18 (full 0):
 garbage-first heap   total 98304K, used 82009K [0x0000000700e00000, 0x0000000800000000)
  region size 1024K, 60 young (61440K), 1 survivors (1024K)
 Metaspace       used 20634K, capacity 21634K, committed 21936K, reserved 1069056K
  class space    used 2825K, capacity 3213K, committed 3328K, reserved 1048576K
}
Event: 76.629 GC heap after
{Heap after GC invocations=19 (full 0):
 garbage-first heap   total 98304K, used 21548K [0x0000000700e00000, 0x0000000800000000)
  region size 1024K, 1 young (1024K), 1 survivors (1024K)
 Metaspace       used 20634K, capacity 21634K, committed 21936K, reserved 1069056K
  class space    used 2825K, capacity 3213K, committed 3328K, reserved 1048576K
}
Event: 76.709 GC heap before
{Heap before GC invocations=19 (full 0):
 garbage-first heap   total 98304K, used 78892K [0x0000000700e00000, 0x0000000800000000)
  region size 1024K, 57 young (58368K), 1 survivors (1024K)
 Metaspace       used 20643K, capacity 21698K, committed 21936K, reserved 1069056K
  class space    used 2825K, capacity 3213K, committed 3328K, reserved 1048576K
}
Event: 76.710 GC heap after
{Heap after GC invocations=20 (full 0):
 garbage-first heap   total 98304K, used 21537K [0x0000000700e00000, 0x0000000800000000)
  region size 1024K, 1 young (1024K), 1 survivors (1024K)
 Metaspace       used 20643K, capacity 21698K, committed 21936K, reserved 1069056K
  class space    used 2825K, capacity 3213K, committed 3328K, reserved 1048576K
}
Event: 76.784 GC heap before
{Heap before GC invocations=20 (full 0):
 garbage-first heap   total 98304K, used 78881K [0x0000000700e00000, 0x0000000800000000)
  region size 1024K, 57 young (58368K), 1 survivors (1024K)
 Metaspace       used 20646K, capacity 21698K, committed 21936K, reserved 1069056K
  class space    used 2825K, capacity 3213K, committed 3328K, reserved 1048576K
}
Event: 76.785 GC heap after
{Heap after GC invocations=21 (full 0):
 garbage-first heap   total 98304K, used 21537K [0x0000000700e00000, 0x0000000800000000)
  region size 1024K, 1 young (1024K), 1 survivors (1024K)
 Metaspace       used 20646K, capacity 21698K, committed 21936K, reserved 1069056K
  class space    used 2825K, capacity 3213K, committed 3328K, reserved 1048576K
}
Event: 76.899 GC heap before
{Heap before GC invocations=21 (full 0):
 garbage-first heap   total 98304K, used 78881K [0x0000000700e00000, 0x0000000800000000)
  region size 1024K, 57 young (58368K), 1 survivors (1024K)
 Metaspace       used 20651K, capacity 21698K, committed 21936K, reserved 1069056K
  class space    used 2826K, capacity 3213K, committed 3328K, reserved 1048576K
}
Event: 76.900 GC heap after
{Heap after GC invocations=22 (full 0):
 garbage-first heap   total 98304K, used 21538K [0x0000000700e00000, 0x0000000800000000)
  region size 1024K, 1 young (1024K), 1 survivors (1024K)
 Metaspace       used 20651K, capacity 21698K, committed 21936K, reserved 1069056K
  class space    used 2826K, capacity 3213K, committed 3328K, reserved 1048576K
}

